<?xml version="1.0" encoding="UTF-8"?>
<testsuite name="com.funkyganesha.DictionaryServiceTest" tests="1" skipped="0" failures="0" errors="0" timestamp="2014-07-31T05:41:12" hostname="PALBARGA009m" time="0.0">
  <properties/>
  <testcase name="testApp" classname="com.funkyganesha.DictionaryServiceTest" time="0.0"/>
  <system-out><![CDATA[]]></system-out>
  <system-err><![CDATA[]]></system-err>
</testsuite>
