<?xml version="1.0" encoding="UTF-8"?>
<testsuite name="com.funkyganesha.TwitterImplTest" tests="6" skipped="0" failures="0" errors="0" timestamp="2014-07-30T05:59:35" hostname="PALBARGA009m" time="1.299">
  <properties/>
  <testcase name="testReadTweetWithPaging" classname="com.funkyganesha.TwitterImplTest" time="0.907"/>
  <testcase name="testReadTweetWithoutPaging" classname="com.funkyganesha.TwitterImplTest" time="0.084"/>
  <testcase name="testReadTweetWithPagingAndNullTwitterId" classname="com.funkyganesha.TwitterImplTest" time="0.0010"/>
  <testcase name="testReadTweetFromNullTwitterId" classname="com.funkyganesha.TwitterImplTest" time="0.0"/>
  <testcase name="testReadTweetFromEmptyTwitterId" classname="com.funkyganesha.TwitterImplTest" time="0.0"/>
  <testcase name="testSearchTwitter" classname="com.funkyganesha.TwitterImplTest" time="0.305"/>
  <system-out><![CDATA[]]></system-out>
  <system-err><![CDATA[]]></system-err>
</testsuite>
